c:\users\ben\source\repos\lakesideloungeoffice\lakesideloungeoffice\debug\vc141.pdb
c:\users\ben\source\repos\lakesideloungeoffice\lakesideloungeoffice\debug\vc141.idb
c:\users\ben\source\repos\lakesideloungeoffice\lakesideloungeoffice\debug\variation.obj
c:\users\ben\source\repos\lakesideloungeoffice\lakesideloungeoffice\debug\report.obj
c:\users\ben\source\repos\lakesideloungeoffice\lakesideloungeoffice\debug\recordset.obj
c:\users\ben\source\repos\lakesideloungeoffice\lakesideloungeoffice\debug\orders.obj
c:\users\ben\source\repos\lakesideloungeoffice\lakesideloungeoffice\debug\order.obj
c:\users\ben\source\repos\lakesideloungeoffice\lakesideloungeoffice\debug\global.obj
c:\users\ben\source\repos\lakesideloungeoffice\lakesideloungeoffice\debug\form.obj
c:\users\ben\source\repos\lakesideloungeoffice\lakesideloungeoffice\debug\file.obj
c:\users\ben\source\repos\lakesideloungeoffice\lakesideloungeoffice\debug\exceladdinfactory.obj
c:\users\ben\source\repos\lakesideloungeoffice\lakesideloungeoffice\debug\exceladdin.obj
c:\users\ben\source\repos\lakesideloungeoffice\lakesideloungeoffice\debug\database.obj
c:\users\ben\source\repos\lakesideloungeoffice\lakesideloungeoffice\debug\control.obj
c:\users\ben\source\repos\lakesideloungeoffice\lakesideloungeoffice\debug\connection.obj
c:\users\ben\source\repos\lakesideloungeoffice\lakesideloungeoffice\debug\command.obj
c:\users\ben\source\repos\lakesideloungeoffice\lakesideloungeoffice\debug\button.obj
c:\users\ben\source\repos\lakesideloungeoffice\lakesideloungeoffice\debug\lakesideloungeoffice_i.obj
c:\users\ben\source\repos\lakesideloungeoffice\debug\lakesideloungeoffice.lib
c:\users\ben\source\repos\lakesideloungeoffice\debug\lakesideloungeoffice.exp
c:\users\ben\source\repos\lakesideloungeoffice\debug\lakesideloungeoffice.dll
c:\users\ben\source\repos\lakesideloungeoffice\debug\lakesideloungeoffice.ilk
c:\users\ben\source\repos\lakesideloungeoffice\debug\lakesideloungeoffice.pdb
c:\users\ben\source\repos\lakesideloungeoffice\lakesideloungeoffice\debug\lakesideloungeoffice.tlb
c:\users\ben\source\repos\lakesideloungeoffice\lakesideloungeoffice\lakesideloungeoffice_p.c
c:\users\ben\source\repos\lakesideloungeoffice\lakesideloungeoffice\lakesideloungeoffice_i.c
c:\users\ben\source\repos\lakesideloungeoffice\lakesideloungeoffice\lakesideloungeoffice_h.h
c:\users\ben\source\repos\lakesideloungeoffice\lakesideloungeoffice\various_h.h
c:\users\ben\source\repos\lakesideloungeoffice\lakesideloungeoffice\debug\lakeside.d67dc708.tlog\cl.command.1.tlog
c:\users\ben\source\repos\lakesideloungeoffice\lakesideloungeoffice\debug\lakeside.d67dc708.tlog\cl.read.1.tlog
c:\users\ben\source\repos\lakesideloungeoffice\lakesideloungeoffice\debug\lakeside.d67dc708.tlog\cl.write.1.tlog
c:\users\ben\source\repos\lakesideloungeoffice\lakesideloungeoffice\debug\lakeside.d67dc708.tlog\lakesideloungeoffice.write.1u.tlog
c:\users\ben\source\repos\lakesideloungeoffice\lakesideloungeoffice\debug\lakeside.d67dc708.tlog\link.command.1.tlog
c:\users\ben\source\repos\lakesideloungeoffice\lakesideloungeoffice\debug\lakeside.d67dc708.tlog\link.read.1.tlog
c:\users\ben\source\repos\lakesideloungeoffice\lakesideloungeoffice\debug\lakeside.d67dc708.tlog\link.write.1.tlog
c:\users\ben\source\repos\lakesideloungeoffice\lakesideloungeoffice\debug\lakeside.d67dc708.tlog\midl.command.1.tlog
c:\users\ben\source\repos\lakesideloungeoffice\lakesideloungeoffice\debug\lakeside.d67dc708.tlog\midl.read.1.tlog
c:\users\ben\source\repos\lakesideloungeoffice\lakesideloungeoffice\debug\lakeside.d67dc708.tlog\midl.write.1.tlog
