SAVE_ORDER,1,,1,5/7/2017
ADD_ORDER_ITEM,1,1,65,1,1
ADD_ORDERITEM_COMPONENT,6,1,22,3
CLEAR_CURRENT_ORDER
SAVE_ORDER,3,Sarah,1,1/1/0001
ADD_ORDER_ITEM,5,3,5,1,1
ADD_ORDER_ITEM,6,3,65,1,1
ADD_ORDERITEM_COMPONENT,7,6,1,1
ADD_ORDERITEM_COMPONENT,8,6,8,2
CLEAR_CURRENT_ORDER
CLEAR_CURRENT_ORDER
SET_CURRENT_ORDER,3
SAVE_ORDER,3,Sarah,1,1/1/0001
ADD_ORDER_ITEM,5,3,5,1,1
ADD_ORDER_ITEM,6,3,65,1,1
ADD_ORDERITEM_COMPONENT,7,6,1,1
ADD_ORDERITEM_COMPONENT,8,6,8,2
ADD_ORDER_ITEM,7,3,31,1,1
ADD_ORDER_ITEM,8,3,31,1,2
PAY_ORDER,3
