SAVE_ORDER,7,,1,20/11/2017
ADD_ORDER_ITEM,14,7,168,1,1,None
CLEAR_CURRENT_ORDER
CLEAR_CURRENT_ORDER
SET_CURRENT_ORDER,7
SAVE_ORDER,7,,1,20/11/2017
ADD_ORDER_ITEM,14,7,168,1,1,None
ADD_ORDER_ITEM,15,7,65,1,1,None
ADD_ORDERITEM_COMPONENT,10,15,22,1
ADD_ORDERITEM_COMPONENT,11,15,23,1
CLEAR_CURRENT_ORDER
SAVE_ORDER,8,Fred,1,20/11/2017
ADD_ORDER_ITEM,16,8,168,1,1,None
CLEAR_CURRENT_ORDER
SAVE_ORDER,9,,1,20/11/2017
ADD_ORDER_ITEM,17,9,168,1,1,None
CLEAR_CURRENT_ORDER
CLEAR_CURRENT_ORDER
SET_CURRENT_ORDER,9
SAVE_ORDER,9,,1,20/11/2017
ADD_ORDER_ITEM,17,9,168,1,1,None
ADD_ORDER_ITEM,18,9,168,1,1,None
CLEAR_CURRENT_ORDER
CLEAR_CURRENT_ORDER
SET_CURRENT_ORDER,2
SAVE_ORDER,2,,1,16/11/2017
ADD_ORDER_ITEM,4,2,65,1,1,None
ADD_ORDERITEM_COMPONENT,4,4,22,1
ADD_ORDER_ITEM,5,2,50,1,1,None
CLEAR_CURRENT_ORDER
SAVE_ORDER,10,,1,01/01/0001
ADD_ORDER_ITEM,19,10,168,1,1,None
CLEAR_CURRENT_ORDER
SAVE_ORDER,11,,1,01/01/0001
ADD_ORDER_ITEM,20,11,168,1,1,None
CLEAR_CURRENT_ORDER
