SAVE_ORDER,12,,1,20/11/2017
ADD_ORDER_ITEM,21,12,168,1,1,None
CLEAR_CURRENT_ORDER
CLEAR_CURRENT_ORDER
SET_CURRENT_ORDER,2
SAVE_ORDER,2,,1,16/11/2017
ADD_ORDER_ITEM,4,2,65,1,1,None
ADD_ORDERITEM_COMPONENT,4,4,22,1
ADD_ORDER_ITEM,5,2,50,1,1,None
CLEAR_CURRENT_ORDER
SAVE_ORDER,13,,1,20/11/2017
ADD_ORDER_ITEM,22,13,168,1,1,None
CLEAR_CURRENT_ORDER
CLEAR_CURRENT_ORDER
SET_CURRENT_ORDER,3
SAVE_ORDER,3,new name,1,16/11/2017
ADD_ORDER_ITEM,6,3,168,1,1,None
ADD_ORDER_ITEM,23,3,168,1,1,None
CLEAR_CURRENT_ORDER
SAVE_ORDER,14,,1,20/11/2017
ADD_ORDER_ITEM,24,14,65,1,1,None
ADD_ORDERITEM_COMPONENT,12,24,22,1
CLEAR_CURRENT_ORDER
CLEAR_CURRENT_ORDER
SET_CURRENT_ORDER,5
SAVE_ORDER,5,,1,20/11/2017
ADD_ORDER_ITEM,8,5,168,1,2,None
ADD_ORDER_ITEM,9,5,168,1,1,None
ADD_ORDER_ITEM,10,5,168,1,1,None
ADD_ORDER_ITEM,11,5,168,1,1,None
CLEAR_CURRENT_ORDER
CLEAR_CURRENT_ORDER
SET_CURRENT_ORDER,2
SAVE_ORDER,2,updated,1,16/11/2017
ADD_ORDER_ITEM,4,2,65,1,1,None
ADD_ORDERITEM_COMPONENT,4,4,22,1
ADD_ORDER_ITEM,5,2,50,1,1,None
ADD_ORDER_ITEM,25,2,168,1,1,None
CLEAR_CURRENT_ORDER
CLEAR_CURRENT_ORDER
SET_CURRENT_ORDER,8
SAVE_ORDER,8,Fred,1,20/11/2017
ADD_ORDER_ITEM,16,8,168,1,1,None
ADD_ORDER_ITEM,26,8,176,1,1,None
CLEAR_CURRENT_ORDER
