SAVE_ORDER,1,Chris,2,14/11/2017
ADD_ORDER_ITEM,1,1,169,1,2,None
ADD_ORDER_ITEM,2,1,64,1,1,None
ADD_ORDERITEM_COMPONENT,1,2,32,1
ADD_ORDERITEM_COMPONENT,2,2,1,1
ADD_ORDERITEM_COMPONENT,3,2,2,1
CLEAR_CURRENT_ORDER
CLEAR_CURRENT_ORDER
SET_CURRENT_ORDER,1
SAVE_ORDER,1,Chris,2,14/11/2017
ADD_ORDER_ITEM,1,1,169,1,2,None
ADD_ORDER_ITEM,2,1,64,1,1,None
ADD_ORDERITEM_COMPONENT,1,2,32,1
ADD_ORDERITEM_COMPONENT,2,2,1,1
ADD_ORDERITEM_COMPONENT,3,2,2,1
ADD_ORDER_ITEM,3,1,134,1,1,None
CLEAR_CURRENT_ORDER
CLEAR_CURRENT_ORDER
SET_CURRENT_ORDER,1
SAVE_ORDER,1,Chris,2,14/11/2017
ADD_ORDER_ITEM,1,1,169,1,2,None
ADD_ORDER_ITEM,2,1,64,1,1,None
ADD_ORDERITEM_COMPONENT,1,2,32,1
ADD_ORDERITEM_COMPONENT,2,2,1,1
ADD_ORDERITEM_COMPONENT,3,2,2,1
ADD_ORDER_ITEM,3,1,134,1,1,None
PAY_ORDER,1
