SAVE_ORDER,4,bev,1,5/27/2017
ADD_ORDER_ITEM,9,4,65,1,1
ADD_ORDERITEM_COMPONENT,9,9,6,2
ADD_ORDER_ITEM,10,4,115,1,1
ADD_ORDERITEM_COMPONENT,10,10,6,1
CLEAR_CURRENT_ORDER
CLEAR_CURRENT_ORDER
SET_CURRENT_ORDER,4
SAVE_ORDER,4,bev,1,5/27/2017
ADD_ORDER_ITEM,9,4,65,1,1
ADD_ORDERITEM_COMPONENT,11,9,6,2
ADD_ORDER_ITEM,10,4,115,1,1
ADD_ORDERITEM_COMPONENT,12,10,6,1
ADD_ORDER_ITEM,11,4,5,1,1
CLEAR_CURRENT_ORDER
CLEAR_CURRENT_ORDER
SET_CURRENT_ORDER,4
SAVE_ORDER,4,bev,1,5/27/2017
ADD_ORDER_ITEM,9,4,65,1,1
ADD_ORDERITEM_COMPONENT,13,9,6,2
ADD_ORDER_ITEM,10,4,115,1,1
ADD_ORDERITEM_COMPONENT,14,10,6,1
ADD_ORDER_ITEM,11,4,5,1,1
PAY_ORDER,4
CLEAR_CURRENT_ORDER
SET_CURRENT_ORDER,1
SAVE_ORDER,1,,3,5/7/2017
ADD_ORDER_ITEM,13,1,28,2,3
PAY_ORDER,1
