SAVE_ORDER,4,,1,20/11/2017
ADD_ORDER_ITEM,7,4,65,1,1,None
ADD_ORDERITEM_COMPONENT,5,7,22,1
ADD_ORDERITEM_COMPONENT,6,7,23,1
CLEAR_CURRENT_ORDER
CLEAR_CURRENT_ORDER
SET_CURRENT_ORDER,4
SAVE_ORDER,4,,1,20/11/2017
ADD_ORDER_ITEM,7,4,65,1,1,None
ADD_ORDERITEM_COMPONENT,5,7,22,1
ADD_ORDERITEM_COMPONENT,6,7,23,1
PAY_ORDER,4
SAVE_ORDER,5,,1,20/11/2017
ADD_ORDER_ITEM,8,5,168,1,2,None
ADD_ORDER_ITEM,9,5,168,1,1,None
CLEAR_CURRENT_ORDER
CLEAR_CURRENT_ORDER
SET_CURRENT_ORDER,5
SAVE_ORDER,5,,1,20/11/2017
ADD_ORDER_ITEM,8,5,168,1,2,None
ADD_ORDER_ITEM,9,5,168,1,1,None
ADD_ORDER_ITEM,10,5,168,1,1,None
CLEAR_CURRENT_ORDER
CLEAR_CURRENT_ORDER
SET_CURRENT_ORDER,5
SAVE_ORDER,5,,1,20/11/2017
ADD_ORDER_ITEM,8,5,168,1,2,None
ADD_ORDER_ITEM,9,5,168,1,1,None
ADD_ORDER_ITEM,10,5,168,1,1,None
ADD_ORDER_ITEM,11,5,168,1,1,None
CLEAR_CURRENT_ORDER
SAVE_ORDER,6,,1,20/11/2017
ADD_ORDER_ITEM,12,6,115,1,1,None
ADD_ORDERITEM_COMPONENT,7,12,1,1
ADD_ORDERITEM_COMPONENT,8,12,2,1
ADD_ORDERITEM_COMPONENT,9,12,3,1
CLEAR_CURRENT_ORDER
CLEAR_CURRENT_ORDER
SET_CURRENT_ORDER,6
SAVE_ORDER,6,,1,20/11/2017
ADD_ORDER_ITEM,12,6,115,1,1,None
ADD_ORDERITEM_COMPONENT,7,12,1,1
ADD_ORDERITEM_COMPONENT,8,12,2,1
ADD_ORDERITEM_COMPONENT,9,12,3,1
ADD_ORDER_ITEM,13,6,80,1,1,None
CLEAR_CURRENT_ORDER
