SAVE_ORDER,1,,1,5/7/2017
ADD_ORDER_ITEM,1,1,65,1,1
ADD_ORDERITEM_COMPONENT,1,1,22,3
CLEAR_CURRENT_ORDER
SAVE_ORDER,2,Laurie,2,1/1/0001
ADD_ORDER_ITEM,2,2,5,1,1
ADD_ORDER_ITEM,3,2,65,2,1
ADD_ORDERITEM_COMPONENT,2,3,1,2
ADD_ORDERITEM_COMPONENT,3,3,4,1
CLEAR_CURRENT_ORDER
CLEAR_CURRENT_ORDER
SET_CURRENT_ORDER,2
SAVE_ORDER,2,Laurie,2,1/1/0001
ADD_ORDER_ITEM,2,2,5,1,1
ADD_ORDER_ITEM,3,2,65,2,1
ADD_ORDERITEM_COMPONENT,2,3,1,2
ADD_ORDERITEM_COMPONENT,3,3,4,1
ADD_ORDER_ITEM,4,2,64,1,1
ADD_ORDERITEM_COMPONENT,4,4,1,1
ADD_ORDERITEM_COMPONENT,5,4,5,1
PAY_ORDER,2
CLEAR_CURRENT_ORDER
SET_CURRENT_ORDER,1
