ADD_VARIATION_COMPONENT,422,26
UPDATE_VARIATION_COMPONENT,422,26,True
ADD_VARIATION_COMPONENT,422,28
UPDATE_VARIATION_COMPONENT,422,28,True
ADD_VARIATION_COMPONENT,422,27
UPDATE_VARIATION_COMPONENT,422,27,True
ADD_VARIATION_COMPONENT,422,16
UPDATE_VARIATION_COMPONENT,422,16,True
ADD_VARIATION_COMPONENT,422,17
UPDATE_VARIATION_COMPONENT,422,17,True
ADD_VARIATION_COMPONENT,422,25
UPDATE_VARIATION_COMPONENT,422,25,True
ADD_VARIATION_COMPONENT,422,29
UPDATE_VARIATION_COMPONENT,422,29,True
ADD_VARIATION_COMPONENT,422,18
UPDATE_VARIATION_COMPONENT,422,18,True
ADD_VARIATION_COMPONENT,422,19
UPDATE_VARIATION_COMPONENT,422,19,True
ADD_VARIATION_COMPONENT,422,20
UPDATE_VARIATION_COMPONENT,422,20,True
ADD_VARIATION_COMPONENT,422,60
UPDATE_VARIATION_COMPONENT,422,60,True
UPDATE_VARIATION_COMPONENT,422,26,False
UPDATE_VARIATION_COMPONENT,422,26,True
UPDATE_VARIATION_COMPONENT,422,28,False
UPDATE_VARIATION_COMPONENT,422,27,False
